  stdafx.cpp
  Win32Project2.cpp
c:\users\crise\onedrive\문서\github\testset\win32project2\win32project2.cpp : warning C4819: 현재 코드 페이지(949)에서 표시할 수 없는 문자가 파일에 들어 있습니다. 데이터가 손실되지 않게 하려면 해당 파일을 유니코드 형식으로 저장하십시오.
  Stage.cpp
  SceneMgr.cpp
  Scene.cpp
  Player.cpp
c:\users\crise\onedrive\문서\github\testset\win32project2\player.cpp(88): warning C4244: '인수': 'float'에서 'int'(으)로 변환하면서 데이터가 손실될 수 있습니다.
c:\users\crise\onedrive\문서\github\testset\win32project2\player.cpp(91): warning C4244: '인수': 'float'에서 'int'(으)로 변환하면서 데이터가 손실될 수 있습니다.
c:\users\crise\onedrive\문서\github\testset\win32project2\player.cpp(92): warning C4244: '인수': 'float'에서 'int'(으)로 변환하면서 데이터가 손실될 수 있습니다.
  ObjMgr.cpp
  Obj.cpp
  MainGame.cpp
  LineMgr.cpp
  Line.cpp
  KeyMgr.cpp
  코드를 생성하고 있습니다...
c:\users\crise\onedrive\문서\github\testset\win32project2\line.cpp(43): warning C4172: 지역 변수 또는 임시의 주소를 반환하고 있습니다.
  Win32Project2.vcxproj -> C:\Users\crise\OneDrive\문서\GitHub\testset\Debug\Win32Project2.exe
  Win32Project2.vcxproj -> C:\Users\crise\OneDrive\문서\GitHub\testset\Debug\Win32Project2.pdb (Full PDB)
